# JRE version: OpenJDK Runtime Environment Temurin-21.0.8+9 (21.0.8+9) (build 21.0.8+9-LTS)
# Java VM: OpenJDK 64-Bit Server VM Temurin-21.0.8+9 (21.0.8+9-LTS, mixed mode, sharing, tiered, compressed oops, compressed class ptrs, parallel gc, windows-amd64)
GC Precious Log:
 CardTable entry size: 512
 CPUs: 8 total, 8 available
 Memory: 16050M
 Large Page Support: Disabled
 NUMA Support: Disabled
 Compressed Oops: Enabled (32-bit)
 Alignments: Space 512K, Generation 512K, Heap 2M
 Heap Min Capacity: 100M
 Heap Initial Capacity: 100M
 Heap Max Capacity: 2G
 Pre-touch: Disabled
 Parallel Workers: 8
Heap:
 PSYoungGen      total 2048K, used 1053K [0x00000000d5580000, 0x00000000d5900000, 0x0000000100000000)
  eden space 1536K, 56% used [0x00000000d5580000,0x00000000d5657550,0x00000000d5700000)
  from space 512K, 37% used [0x00000000d5700000,0x00000000d5730000,0x00000000d5780000)
  to   space 512K, 0% used [0x00000000d5880000,0x00000000d5880000,0x00000000d5900000)
 ParOldGen       total 285696K, used 134231K [0x0000000080000000, 0x0000000091700000, 0x00000000d5580000)
  object space 285696K, 46% used [0x0000000080000000,0x0000000088315db0,0x0000000091700000)
 Metaspace       used 82772K, committed 84672K, reserved 1179648K
  class space    used 8759K, committed 9600K, reserved 1048576K
GC Heap History (20 events):
Event: 68.547 GC heap before
{Heap before GC invocations=556 (full 4):
 PSYoungGen      total 2048K, used 1841K [0x00000000d5580000, 0x00000000d5900000, 0x0000000100000000)
  eden space 1536K, 98% used [0x00000000d5580000,0x00000000d56fbe40,0x00000000d5700000)
  from space 512K, 62% used [0x00000000d5700000,0x00000000d57507d0,0x00000000d5780000)
  to   space 512K, 0% used [0x00000000d5880000,0x00000000d5880000,0x00000000d5900000)
 ParOldGen       total 285696K, used 133087K [0x0000000080000000, 0x0000000091700000, 0x00000000d5580000)
  object space 285696K, 46% used [0x0000000080000000,0x00000000881f7ca8,0x0000000091700000)
 Metaspace       used 82494K, committed 84352K, reserved 1179648K
  class space    used 8733K, committed 9536K, reserved 1048576K
}
Event: 68.548 GC heap after
{Heap after GC invocations=556 (full 4):
 PSYoungGen      total 2048K, used 128K [0x00000000d5580000, 0x00000000d5900000, 0x0000000100000000)
  eden space 1536K, 0% used [0x00000000d5580000,0x00000000d5580000,0x00000000d5700000)
  from space 512K, 25% used [0x00000000d5880000,0x00000000d58a0000,0x00000000d5900000)
  to   space 512K, 0% used [0x00000000d5700000,0x00000000d5700000,0x00000000d5780000)
 ParOldGen       total 285696K, used 133103K [0x0000000080000000, 0x0000000091700000, 0x00000000d5580000)
  object space 285696K, 46% used [0x0000000080000000,0x00000000881fbca8,0x0000000091700000)
 Metaspace       used 82494K, committed 84352K, reserved 1179648K
  class space    used 8733K, committed 9536K, reserved 1048576K
}
Event: 68.559 GC heap before
{Heap before GC invocations=557 (full 4):
 PSYoungGen      total 2048K, used 1647K [0x00000000d5580000, 0x00000000d5900000, 0x0000000100000000)
  eden space 1536K, 98% used [0x00000000d5580000,0x00000000d56fbf88,0x00000000d5700000)
  from space 512K, 25% used [0x00000000d5880000,0x00000000d58a0000,0x00000000d5900000)
  to   space 512K, 0% used [0x00000000d5700000,0x00000000d5700000,0x00000000d5780000)
 ParOldGen       total 285696K, used 133103K [0x0000000080000000, 0x0000000091700000, 0x00000000d5580000)
  object space 285696K, 46% used [0x0000000080000000,0x00000000881fbca8,0x0000000091700000)
 Metaspace       used 82494K, committed 84352K, reserved 1179648K
  class space    used 8733K, committed 9536K, reserved 1048576K
}
Event: 68.560 GC heap after
{Heap after GC invocations=557 (full 4):
 PSYoungGen      total 2048K, used 347K [0x00000000d5580000, 0x00000000d5900000, 0x0000000100000000)
  eden space 1536K, 0% used [0x00000000d5580000,0x00000000d5580000,0x00000000d5700000)
  from space 512K, 67% used [0x00000000d5700000,0x00000000d5756f00,0x00000000d5780000)
  to   space 512K, 0% used [0x00000000d5880000,0x00000000d5880000,0x00000000d5900000)
 ParOldGen       total 285696K, used 133127K [0x0000000080000000, 0x0000000091700000, 0x00000000d5580000)
  object space 285696K, 46% used [0x0000000080000000,0x0000000088201ca8,0x0000000091700000)
 Metaspace       used 82494K, committed 84352K, reserved 1179648K
  class space    used 8733K, committed 9536K, reserved 1048576K
}
Event: 68.571 GC heap before
{Heap before GC invocations=558 (full 4):
 PSYoungGen      total 2048K, used 1883K [0x00000000d5580000, 0x00000000d5900000, 0x0000000100000000)
  eden space 1536K, 100% used [0x00000000d5580000,0x00000000d5700000,0x00000000d5700000)
  from space 512K, 67% used [0x00000000d5700000,0x00000000d5756f00,0x00000000d5780000)
  to   space 512K, 0% used [0x00000000d5880000,0x00000000d5880000,0x00000000d5900000)
 ParOldGen       total 285696K, used 133903K [0x0000000080000000, 0x0000000091700000, 0x00000000d5580000)
  object space 285696K, 46% used [0x0000000080000000,0x00000000882c3db0,0x0000000091700000)
 Metaspace       used 82494K, committed 84352K, reserved 1179648K
  class space    used 8733K, committed 9536K, reserved 1048576K
}
Event: 68.573 GC heap after
{Heap after GC invocations=558 (full 4):
 PSYoungGen      total 2048K, used 128K [0x00000000d5580000, 0x00000000d5900000, 0x0000000100000000)
  eden space 1536K, 0% used [0x00000000d5580000,0x00000000d5580000,0x00000000d5700000)
  from space 512K, 25% used [0x00000000d5880000,0x00000000d58a0000,0x00000000d5900000)
  to   space 512K, 0% used [0x00000000d5700000,0x00000000d5700000,0x00000000d5780000)
 ParOldGen       total 285696K, used 133943K [0x0000000080000000, 0x0000000091700000, 0x00000000d5580000)
  object space 285696K, 46% used [0x0000000080000000,0x00000000882cddb0,0x0000000091700000)
 Metaspace       used 82494K, committed 84352K, reserved 1179648K
  class space    used 8733K, committed 9536K, reserved 1048576K
}
Event: 68.581 GC heap before
{Heap before GC invocations=559 (full 4):
 PSYoungGen      total 2048K, used 1654K [0x00000000d5580000, 0x00000000d5900000, 0x0000000100000000)
  eden space 1536K, 99% used [0x00000000d5580000,0x00000000d56fd880,0x00000000d5700000)
  from space 512K, 25% used [0x00000000d5880000,0x00000000d58a0000,0x00000000d5900000)
  to   space 512K, 0% used [0x00000000d5700000,0x00000000d5700000,0x00000000d5780000)
 ParOldGen       total 285696K, used 133943K [0x0000000080000000, 0x0000000091700000, 0x00000000d5580000)
  object space 285696K, 46% used [0x0000000080000000,0x00000000882cddb0,0x0000000091700000)
 Metaspace       used 82494K, committed 84352K, reserved 1179648K
  class space    used 8733K, committed 9536K, reserved 1048576K
}
Event: 68.582 GC heap after
{Heap after GC invocations=559 (full 4):
 PSYoungGen      total 2048K, used 292K [0x00000000d5580000, 0x00000000d5900000, 0x0000000100000000)
  eden space 1536K, 0% used [0x00000000d5580000,0x00000000d5580000,0x00000000d5700000)
  from space 512K, 57% used [0x00000000d5700000,0x00000000d5749070,0x00000000d5780000)
  to   space 512K, 0% used [0x00000000d5880000,0x00000000d5880000,0x00000000d5900000)
 ParOldGen       total 285696K, used 133967K [0x0000000080000000, 0x0000000091700000, 0x00000000d5580000)
  object space 285696K, 46% used [0x0000000080000000,0x00000000882d3db0,0x0000000091700000)
 Metaspace       used 82494K, committed 84352K, reserved 1179648K
  class space    used 8733K, committed 9536K, reserved 1048576K
}
Event: 68.630 GC heap before
{Heap before GC invocations=560 (full 4):
 PSYoungGen      total 2048K, used 1828K [0x00000000d5580000, 0x00000000d5900000, 0x0000000100000000)
  eden space 1536K, 100% used [0x00000000d5580000,0x00000000d5700000,0x00000000d5700000)
  from space 512K, 57% used [0x00000000d5700000,0x00000000d5749070,0x00000000d5780000)
  to   space 512K, 0% used [0x00000000d5880000,0x00000000d5880000,0x00000000d5900000)
 ParOldGen       total 285696K, used 133967K [0x0000000080000000, 0x0000000091700000, 0x00000000d5580000)
  object space 285696K, 46% used [0x0000000080000000,0x00000000882d3db0,0x0000000091700000)
 Metaspace       used 82497K, committed 84352K, reserved 1179648K
  class space    used 8733K, committed 9536K, reserved 1048576K
}
Event: 68.631 GC heap after
{Heap after GC invocations=560 (full 4):
 PSYoungGen      total 2048K, used 192K [0x00000000d5580000, 0x00000000d5900000, 0x0000000100000000)
  eden space 1536K, 0% used [0x00000000d5580000,0x00000000d5580000,0x00000000d5700000)
  from space 512K, 37% used [0x00000000d5880000,0x00000000d58b0000,0x00000000d5900000)
  to   space 512K, 0% used [0x00000000d5700000,0x00000000d5700000,0x00000000d5780000)
 ParOldGen       total 285696K, used 133983K [0x0000000080000000, 0x0000000091700000, 0x00000000d5580000)
  object space 285696K, 46% used [0x0000000080000000,0x00000000882d7db0,0x0000000091700000)
 Metaspace       used 82497K, committed 84352K, reserved 1179648K
  class space    used 8733K, committed 9536K, reserved 1048576K
}
Event: 68.756 GC heap before
{Heap before GC invocations=561 (full 4):
 PSYoungGen      total 2048K, used 1728K [0x00000000d5580000, 0x00000000d5900000, 0x0000000100000000)
  eden space 1536K, 100% used [0x00000000d5580000,0x00000000d5700000,0x00000000d5700000)
  from space 512K, 37% used [0x00000000d5880000,0x00000000d58b0000,0x00000000d5900000)
  to   space 512K, 0% used [0x00000000d5700000,0x00000000d5700000,0x00000000d5780000)
 ParOldGen       total 285696K, used 133983K [0x0000000080000000, 0x0000000091700000, 0x00000000d5580000)
  object space 285696K, 46% used [0x0000000080000000,0x00000000882d7db0,0x0000000091700000)
 Metaspace       used 82497K, committed 84352K, reserved 1179648K
  class space    used 8733K, committed 9536K, reserved 1048576K
}
Event: 68.756 GC heap after
{Heap after GC invocations=561 (full 4):
 PSYoungGen      total 2048K, used 224K [0x00000000d5580000, 0x00000000d5900000, 0x0000000100000000)
  eden space 1536K, 0% used [0x00000000d5580000,0x00000000d5580000,0x00000000d5700000)
  from space 512K, 43% used [0x00000000d5700000,0x00000000d5738000,0x00000000d5780000)
  to   space 512K, 0% used [0x00000000d5880000,0x00000000d5880000,0x00000000d5900000)
 ParOldGen       total 285696K, used 134039K [0x0000000080000000, 0x0000000091700000, 0x00000000d5580000)
  object space 285696K, 46% used [0x0000000080000000,0x00000000882e5db0,0x0000000091700000)
 Metaspace       used 82497K, committed 84352K, reserved 1179648K
  class space    used 8733K, committed 9536K, reserved 1048576K
}
Event: 68.820 GC heap before
{Heap before GC invocations=562 (full 4):
 PSYoungGen      total 2048K, used 1759K [0x00000000d5580000, 0x00000000d5900000, 0x0000000100000000)
  eden space 1536K, 99% used [0x00000000d5580000,0x00000000d56ffff0,0x00000000d5700000)
  from space 512K, 43% used [0x00000000d5700000,0x00000000d5738000,0x00000000d5780000)
  to   space 512K, 0% used [0x00000000d5880000,0x00000000d5880000,0x00000000d5900000)
 ParOldGen       total 285696K, used 134039K [0x0000000080000000, 0x0000000091700000, 0x00000000d5580000)
  object space 285696K, 46% used [0x0000000080000000,0x00000000882e5db0,0x0000000091700000)
 Metaspace       used 82506K, committed 84352K, reserved 1179648K
  class space    used 8733K, committed 9536K, reserved 1048576K
}
Event: 68.823 GC heap after
{Heap after GC invocations=562 (full 4):
 PSYoungGen      total 2048K, used 320K [0x00000000d5580000, 0x00000000d5900000, 0x0000000100000000)
  eden space 1536K, 0% used [0x00000000d5580000,0x00000000d5580000,0x00000000d5700000)
  from space 512K, 62% used [0x00000000d5880000,0x00000000d58d0020,0x00000000d5900000)
  to   space 512K, 0% used [0x00000000d5700000,0x00000000d5700000,0x00000000d5780000)
 ParOldGen       total 285696K, used 134063K [0x0000000080000000, 0x0000000091700000, 0x00000000d5580000)
  object space 285696K, 46% used [0x0000000080000000,0x00000000882ebdb0,0x0000000091700000)
 Metaspace       used 82506K, committed 84352K, reserved 1179648K
  class space    used 8733K, committed 9536K, reserved 1048576K
}
Event: 349.451 GC heap before
{Heap before GC invocations=563 (full 4):
 PSYoungGen      total 2048K, used 1856K [0x00000000d5580000, 0x00000000d5900000, 0x0000000100000000)
  eden space 1536K, 99% used [0x00000000d5580000,0x00000000d56ffff0,0x00000000d5700000)
  from space 512K, 62% used [0x00000000d5880000,0x00000000d58d0020,0x00000000d5900000)
  to   space 512K, 0% used [0x00000000d5700000,0x00000000d5700000,0x00000000d5780000)
 ParOldGen       total 285696K, used 134063K [0x0000000080000000, 0x0000000091700000, 0x00000000d5580000)
  object space 285696K, 46% used [0x0000000080000000,0x00000000882ebdb0,0x0000000091700000)
 Metaspace       used 82620K, committed 84416K, reserved 1179648K
  class space    used 8745K, committed 9536K, reserved 1048576K
}
Event: 349.452 GC heap after
{Heap after GC invocations=563 (full 4):
 PSYoungGen      total 2048K, used 224K [0x00000000d5580000, 0x00000000d5900000, 0x0000000100000000)
  eden space 1536K, 0% used [0x00000000d5580000,0x00000000d5580000,0x00000000d5700000)
  from space 512K, 43% used [0x00000000d5700000,0x00000000d5738000,0x00000000d5780000)
  to   space 512K, 0% used [0x00000000d5880000,0x00000000d5880000,0x00000000d5900000)
 ParOldGen       total 285696K, used 134111K [0x0000000080000000, 0x0000000091700000, 0x00000000d5580000)
  object space 285696K, 46% used [0x0000000080000000,0x00000000882f7db0,0x0000000091700000)
 Metaspace       used 82620K, committed 84416K, reserved 1179648K
  class space    used 8745K, committed 9536K, reserved 1048576K
}
Event: 763.491 GC heap before
{Heap before GC invocations=564 (full 4):
 PSYoungGen      total 2048K, used 1760K [0x00000000d5580000, 0x00000000d5900000, 0x0000000100000000)
  eden space 1536K, 100% used [0x00000000d5580000,0x00000000d5700000,0x00000000d5700000)
  from space 512K, 43% used [0x00000000d5700000,0x00000000d5738000,0x00000000d5780000)
  to   space 512K, 0% used [0x00000000d5880000,0x00000000d5880000,0x00000000d5900000)
 ParOldGen       total 285696K, used 134111K [0x0000000080000000, 0x0000000091700000, 0x00000000d5580000)
  object space 285696K, 46% used [0x0000000080000000,0x00000000882f7db0,0x0000000091700000)
 Metaspace       used 82742K, committed 84608K, reserved 1179648K
  class space    used 8759K, committed 9600K, reserved 1048576K
}
Event: 763.493 GC heap after
{Heap after GC invocations=564 (full 4):
 PSYoungGen      total 2048K, used 192K [0x00000000d5580000, 0x00000000d5900000, 0x0000000100000000)
  eden space 1536K, 0% used [0x00000000d5580000,0x00000000d5580000,0x00000000d5700000)
  from space 512K, 37% used [0x00000000d5880000,0x00000000d58b0000,0x00000000d5900000)
  to   space 512K, 0% used [0x00000000d5700000,0x00000000d5700000,0x00000000d5780000)
 ParOldGen       total 285696K, used 134167K [0x0000000080000000, 0x0000000091700000, 0x00000000d5580000)
  object space 285696K, 46% used [0x0000000080000000,0x0000000088305db0,0x0000000091700000)
 Metaspace       used 82742K, committed 84608K, reserved 1179648K
  class space    used 8759K, committed 9600K, reserved 1048576K
}
Event: 3820.484 GC heap before
{Heap before GC invocations=565 (full 4):
 PSYoungGen      total 2048K, used 1728K [0x00000000d5580000, 0x00000000d5900000, 0x0000000100000000)
  eden space 1536K, 100% used [0x00000000d5580000,0x00000000d5700000,0x00000000d5700000)
  from space 512K, 37% used [0x00000000d5880000,0x00000000d58b0000,0x00000000d5900000)
  to   space 512K, 0% used [0x00000000d5700000,0x00000000d5700000,0x00000000d5780000)
 ParOldGen       total 285696K, used 134167K [0x0000000080000000, 0x0000000091700000, 0x00000000d5580000)
  object space 285696K, 46% used [0x0000000080000000,0x0000000088305db0,0x0000000091700000)
 Metaspace       used 82764K, committed 84608K, reserved 1179648K
  class space    used 8759K, committed 9600K, reserved 1048576K
}
Event: 3820.505 GC heap after
{Heap after GC invocations=565 (full 4):
 PSYoungGen      total 2048K, used 192K [0x00000000d5580000, 0x00000000d5900000, 0x0000000100000000)
  eden space 1536K, 0% used [0x00000000d5580000,0x00000000d5580000,0x00000000d5700000)
  from space 512K, 37% used [0x00000000d5700000,0x00000000d5730000,0x00000000d5780000)
  to   space 512K, 0% used [0x00000000d5880000,0x00000000d5880000,0x00000000d5900000)
 ParOldGen       total 285696K, used 134231K [0x0000000080000000, 0x0000000091700000, 0x00000000d5580000)
  object space 285696K, 46% used [0x0000000080000000,0x0000000088315db0,0x0000000091700000)
 Metaspace       used 82764K, committed 84608K, reserved 1179648K
  class space    used 8759K, committed 9600K, reserved 1048576K
}

